# JRE version: OpenJDK Runtime Environment Temurin-17.0.3+7 (17.0.3+7) (build 17.0.3+7)
# Java VM: OpenJDK 64-Bit Server VM Temurin-17.0.3+7 (17.0.3+7, mixed mode, tiered, compressed oops, compressed class ptrs, g1 gc, linux-amd64)
GC Precious Log:
 CPUs: 12 total, 12 available
 Memory: 15622M
 Large Page Support: Disabled
 NUMA Support: Disabled
 Compressed Oops: Enabled (Zero based)
 Heap Region Size: 2M
 Heap Min Capacity: 8M
 Heap Initial Capacity: 246M
 Heap Max Capacity: 3906M
 Pre-touch: Disabled
 Parallel Workers: 10
 Concurrent Workers: 3
 Concurrent Refinement Workers: 10
 Periodic GC: Disabled
Heap:
 garbage-first heap   total 137216K, used 79282K [0x000000070be00000, 0x0000000800000000)
  region size 2048K, 20 young (40960K), 1 survivors (2048K)
 Metaspace       used 36998K, committed 37312K, reserved 1089536K
  class space    used 4091K, committed 4224K, reserved 1048576K
GC Heap History (18 events):
Event: 0,526 GC heap before
{Heap before GC invocations=0 (full 0):
 garbage-first heap   total 251904K, used 26624K [0x000000070be00000, 0x0000000800000000)
  region size 2048K, 11 young (22528K), 0 survivors (0K)
 Metaspace       used 10652K, committed 10816K, reserved 1064960K
  class space    used 957K, committed 1024K, reserved 1048576K
}
Event: 0,529 GC heap after
{Heap after GC invocations=1 (full 0):
 garbage-first heap   total 251904K, used 13250K [0x000000070be00000, 0x0000000800000000)
  region size 2048K, 2 young (4096K), 2 survivors (4096K)
 Metaspace       used 10652K, committed 10816K, reserved 1064960K
  class space    used 957K, committed 1024K, reserved 1048576K
}
Event: 0,801 GC heap before
{Heap before GC invocations=1 (full 0):
 garbage-first heap   total 251904K, used 35778K [0x000000070be00000, 0x0000000800000000)
  region size 2048K, 13 young (26624K), 2 survivors (4096K)
 Metaspace       used 14247K, committed 14400K, reserved 1064960K
  class space    used 1424K, committed 1472K, reserved 1048576K
}
Event: 0,804 GC heap after
{Heap after GC invocations=2 (full 0):
 garbage-first heap   total 251904K, used 14121K [0x000000070be00000, 0x0000000800000000)
  region size 2048K, 1 young (2048K), 1 survivors (2048K)
 Metaspace       used 14247K, committed 14400K, reserved 1064960K
  class space    used 1424K, committed 1472K, reserved 1048576K
}
Event: 1,361 GC heap before
{Heap before GC invocations=2 (full 0):
 garbage-first heap   total 251904K, used 77609K [0x000000070be00000, 0x0000000800000000)
  region size 2048K, 32 young (65536K), 1 survivors (2048K)
 Metaspace       used 19827K, committed 20032K, reserved 1073152K
  class space    used 2080K, committed 2176K, reserved 1048576K
}
Event: 1,369 GC heap after
{Heap after GC invocations=3 (full 0):
 garbage-first heap   total 251904K, used 22124K [0x000000070be00000, 0x0000000800000000)
  region size 2048K, 4 young (8192K), 4 survivors (8192K)
 Metaspace       used 19827K, committed 20032K, reserved 1073152K
  class space    used 2080K, committed 2176K, reserved 1048576K
}
Event: 1,667 GC heap before
{Heap before GC invocations=3 (full 0):
 garbage-first heap   total 251904K, used 110188K [0x000000070be00000, 0x0000000800000000)
  region size 2048K, 47 young (96256K), 4 survivors (8192K)
 Metaspace       used 21267K, committed 21504K, reserved 1073152K
  class space    used 2291K, committed 2432K, reserved 1048576K
}
Event: 1,682 GC heap after
{Heap after GC invocations=4 (full 0):
 garbage-first heap   total 251904K, used 41311K [0x000000070be00000, 0x0000000800000000)
  region size 2048K, 10 young (20480K), 10 survivors (20480K)
 Metaspace       used 21267K, committed 21504K, reserved 1073152K
  class space    used 2291K, committed 2432K, reserved 1048576K
}
Event: 2,030 GC heap before
{Heap before GC invocations=5 (full 0):
 garbage-first heap   total 151552K, used 108895K [0x000000070be00000, 0x0000000800000000)
  region size 2048K, 43 young (88064K), 10 survivors (20480K)
 Metaspace       used 28022K, committed 28224K, reserved 1081344K
  class space    used 3064K, committed 3136K, reserved 1048576K
}
Event: 2,042 GC heap after
{Heap after GC invocations=6 (full 0):
 garbage-first heap   total 151552K, used 43612K [0x000000070be00000, 0x0000000800000000)
  region size 2048K, 1 young (2048K), 1 survivors (2048K)
 Metaspace       used 28022K, committed 28224K, reserved 1081344K
  class space    used 3064K, committed 3136K, reserved 1048576K
}
Event: 2,069 GC heap before
{Heap before GC invocations=6 (full 0):
 garbage-first heap   total 151552K, used 47708K [0x000000070be00000, 0x0000000800000000)
  region size 2048K, 3 young (6144K), 1 survivors (2048K)
 Metaspace       used 28556K, committed 28736K, reserved 1081344K
  class space    used 3152K, committed 3264K, reserved 1048576K
}
Event: 2,072 GC heap after
{Heap after GC invocations=7 (full 0):
 garbage-first heap   total 182272K, used 45647K [0x000000070be00000, 0x0000000800000000)
  region size 2048K, 1 young (2048K), 1 survivors (2048K)
 Metaspace       used 28556K, committed 28736K, reserved 1081344K
  class space    used 3152K, committed 3264K, reserved 1048576K
}
Event: 2,642 GC heap before
{Heap before GC invocations=7 (full 0):
 garbage-first heap   total 182272K, used 115279K [0x000000070be00000, 0x0000000800000000)
  region size 2048K, 36 young (73728K), 1 survivors (2048K)
 Metaspace       used 35778K, committed 36096K, reserved 1081344K
  class space    used 3974K, committed 4160K, reserved 1048576K
}
Event: 2,648 GC heap after
{Heap after GC invocations=8 (full 0):
 garbage-first heap   total 182272K, used 51876K [0x000000070be00000, 0x0000000800000000)
  region size 2048K, 4 young (8192K), 4 survivors (8192K)
 Metaspace       used 35778K, committed 36096K, reserved 1081344K
  class space    used 3974K, committed 4160K, reserved 1048576K
}
Event: 3,014 GC heap before
{Heap before GC invocations=9 (full 0):
 garbage-first heap   total 137216K, used 111268K [0x000000070be00000, 0x0000000800000000)
  region size 2048K, 40 young (81920K), 4 survivors (8192K)
 Metaspace       used 35957K, committed 36288K, reserved 1081344K
  class space    used 3976K, committed 4160K, reserved 1048576K
}
Event: 3,033 GC heap after
{Heap after GC invocations=10 (full 0):
 garbage-first heap   total 137216K, used 50754K [0x000000070be00000, 0x0000000800000000)
  region size 2048K, 6 young (12288K), 6 survivors (12288K)
 Metaspace       used 35957K, committed 36288K, reserved 1081344K
  class space    used 3976K, committed 4160K, reserved 1048576K
}
Event: 3,044 GC heap before
{Heap before GC invocations=10 (full 0):
 garbage-first heap   total 137216K, used 52802K [0x000000070be00000, 0x0000000800000000)
  region size 2048K, 7 young (14336K), 6 survivors (12288K)
 Metaspace       used 35958K, committed 36288K, reserved 1081344K
  class space    used 3976K, committed 4160K, reserved 1048576K
}
Event: 3,055 GC heap after
{Heap after GC invocations=11 (full 0):
 garbage-first heap   total 137216K, used 44466K [0x000000070be00000, 0x0000000800000000)
  region size 2048K, 1 young (2048K), 1 survivors (2048K)
 Metaspace       used 35958K, committed 36288K, reserved 1081344K
  class space    used 3976K, committed 4160K, reserved 1048576K
}

